{
  "stats": {
    "suites": 1,
    "tests": 1,
    "passes": 1,
    "pending": 0,
    "failures": 0,
    "start": "2023-03-29T23:15:41.232Z",
    "end": "2023-03-29T23:15:47.014Z",
    "duration": 5782,
    "testsRegistered": 1,
    "passPercent": 100,
    "pendingPercent": 0,
    "other": 0,
    "hasOther": false,
    "skipped": 0,
    "hasSkipped": false
  },
  "results": [
    {
      "uuid": "862f7e9e-2aaf-4be1-89cc-d698152ddb0c",
      "title": "",
      "fullFile": "cypress/integration/examples/TestTemplate.js",
      "file": "cypress/integration/examples/TestTemplate.js",
      "beforeHooks": [],
      "afterHooks": [],
      "tests": [],
      "suites": [
        {
          "uuid": "7d814a3f-3b0a-410f-9f90-ec1109ffd9c7",
          "title": "My test suit",
          "fullFile": "",
          "file": "",
          "beforeHooks": [],
          "afterHooks": [],
          "tests": [
            {
              "title": "my first test to visit a website",
              "fullTitle": "My test suit my first test to visit a website",
              "timedOut": null,
              "duration": 4736,
              "state": "passed",
              "speed": "fast",
              "pass": true,
              "fail": false,
              "pending": false,
              "context": null,
              "code": "cy.visit('https://rahulshettyacademy.com/AutomationPractice/');",
              "err": {},
              "uuid": "5d31dbd1-6e36-4bef-91fb-8914f9f79c29",
              "parentUUID": "7d814a3f-3b0a-410f-9f90-ec1109ffd9c7",
              "isHook": false,
              "skipped": false
            }
          ],
          "suites": [],
          "passes": [
            "5d31dbd1-6e36-4bef-91fb-8914f9f79c29"
          ],
          "failures": [],
          "pending": [],
          "skipped": [],
          "duration": 4736,
          "root": false,
          "rootEmpty": false,
          "_timeout": 2000
        }
      ],
      "passes": [],
      "failures": [],
      "pending": [],
      "skipped": [],
      "duration": 0,
      "root": true,
      "rootEmpty": true,
      "_timeout": 2000
    }
  ],
  "meta": {
    "mocha": {
      "version": "7.0.1"
    },
    "mochawesome": {
      "options": {
        "quiet": false,
        "reportFilename": "mochawesome",
        "saveHtml": true,
        "saveJson": true,
        "consoleReporter": "spec",
        "useInlineDiffs": false,
        "code": true
      },
      "version": "7.1.3"
    },
    "marge": {
      "options": null,
      "version": "6.2.0"
    }
  }
}